2025-06-27 17:13:03,657 - __main__ - INFO - Starting Forex Data System
2025-06-27 17:13:03,657 - __main__ - INFO - Initializing Forex Data System...
2025-06-27 17:13:03,689 - database_manager - INFO - Database connection test successful
2025-06-27 17:13:03,703 - database_manager - INFO - Created table: forex_data
2025-06-27 17:13:03,704 - database_manager - INFO - Created hypertable: forex_data
2025-06-27 17:13:03,704 - database_manager - INFO - Created table: forex_metadata
2025-06-27 17:13:03,705 - database_manager - INFO - Created index for forex_data
2025-06-27 17:13:03,705 - database_manager - INFO - Created index for forex_data
2025-06-27 17:13:03,705 - database_manager - INFO - Created index for forex_data
2025-06-27 17:13:03,706 - database_manager - INFO - Inserted metadata for 16 forex pairs
2025-06-27 17:13:03,706 - database_manager - INFO - Database setup completed successfully
2025-06-27 17:13:03,706 - __main__ - INFO - System initialization completed successfully
2025-06-27 17:13:03,706 - __main__ - INFO - Starting historical data collection for 16 pairs
2025-06-27 17:13:03,706 - __main__ - INFO - Collecting historical data for EURUSD
2025-06-27 17:13:03,719 - __main__ - INFO - Latest data for EURUSD: 2025-06-27 00:00:00-04:00
2025-06-27 17:13:03,719 - __main__ - ERROR - Error collecting historical data for EURUSD: can't subtract offset-naive and offset-aware datetimes
2025-06-27 17:13:03,719 - __main__ - INFO - Collecting historical data for GBPUSD
2025-06-27 17:13:03,731 - __main__ - INFO - Latest data for GBPUSD: 2025-06-22 23:00:00-04:00
2025-06-27 17:13:03,731 - __main__ - ERROR - Error collecting historical data for GBPUSD: can't subtract offset-naive and offset-aware datetimes
2025-06-27 17:13:03,731 - __main__ - INFO - Collecting historical data for USDJPY
2025-06-27 17:13:03,743 - data_collector - INFO - Fetching historical data for USDJPY
2025-06-27 17:13:03,881 - data_collector - ERROR - Alpha Vantage API error for USDJPY: Thank you for using Alpha Vantage! This is a premium endpoint. You may subscribe to any of the premium plans at https://www.alphavantage.co/premium/ to instantly unlock all premium endpoints
2025-06-27 17:13:03,882 - retry.api - WARNING - Thank you for using Alpha Vantage! This is a premium endpoint. You may subscribe to any of the premium plans at https://www.alphavantage.co/premium/ to instantly unlock all premium endpoints, retrying in 1 seconds...
2025-06-27 17:13:05,004 - data_collector - ERROR - Alpha Vantage API error for USDJPY: Thank you for using Alpha Vantage! This is a premium endpoint. You may subscribe to any of the premium plans at https://www.alphavantage.co/premium/ to instantly unlock all premium endpoints
2025-06-27 17:13:05,004 - retry.api - WARNING - Thank you for using Alpha Vantage! This is a premium endpoint. You may subscribe to any of the premium plans at https://www.alphavantage.co/premium/ to instantly unlock all premium endpoints, retrying in 2 seconds...
2025-06-27 17:13:07,108 - data_collector - ERROR - Alpha Vantage API error for USDJPY: Thank you for using Alpha Vantage! This is a premium endpoint. You may subscribe to any of the premium plans at https://www.alphavantage.co/premium/ to instantly unlock all premium endpoints
2025-06-27 17:13:07,108 - data_collector - WARNING - Alpha Vantage failed for USDJPY: Thank you for using Alpha Vantage! This is a premium endpoint. You may subscribe to any of the premium plans at https://www.alphavantage.co/premium/ to instantly unlock all premium endpoints
2025-06-27 17:13:07,896 - yfinance - ERROR - $USDJPY=X: possibly delisted; no price data found  (period=5y) (Yahoo error = "Invalid input - interval=1min is not supported. Valid intervals: [1m, 2m, 5m, 15m, 30m, 60m, 90m, 1h, 4h, 1d, 5d, 1wk, 1mo, 3mo]")
2025-06-27 17:13:07,897 - data_collector - WARNING - No data returned from Yahoo Finance for USDJPY
2025-06-27 17:13:07,897 - data_collector - ERROR - All data sources failed for USDJPY
2025-06-27 17:13:11,047 - data_collector - INFO - Retrieved 5000 records from Alpha Vantage for USDJPY
2025-06-27 17:13:11,443 - yfinance - ERROR - $USDJPY=X: possibly delisted; no price data found  (period=5y) (Yahoo error = "Invalid input - interval=daily is not supported. Valid intervals: [1m, 2m, 5m, 15m, 30m, 60m, 90m, 1h, 4h, 1d, 5d, 1wk, 1mo, 3mo]")
2025-06-27 17:13:11,444 - data_collector - WARNING - No data returned from Yahoo Finance for USDJPY
2025-06-27 17:13:11,448 - data_collector - INFO - Collected 5000 records for USDJPY
2025-06-27 17:13:12,460 - data_collector - INFO - Validated 5000 out of 5000 records
2025-06-27 17:13:12,807 - database_manager - INFO - Inserted batch of 1000 records
2025-06-27 17:13:13,072 - database_manager - INFO - Inserted batch of 1000 records
2025-06-27 17:13:13,383 - database_manager - INFO - Inserted batch of 1000 records
2025-06-27 17:13:13,733 - database_manager - INFO - Inserted batch of 1000 records
2025-06-27 17:13:14,012 - database_manager - INFO - Inserted batch of 1000 records
2025-06-27 17:13:14,016 - database_manager - INFO - Successfully inserted 5000 forex data records
2025-06-27 17:13:14,016 - __main__ - INFO - Successfully stored 5000 records for USDJPY
2025-06-27 17:13:16,017 - __main__ - INFO - Collecting historical data for USDCHF
2025-06-27 17:13:16,297 - data_collector - INFO - Fetching historical data for USDCHF
2025-06-27 17:13:16,405 - data_collector - ERROR - Alpha Vantage API error for USDCHF: Thank you for using Alpha Vantage! This is a premium endpoint. You may subscribe to any of the premium plans at https://www.alphavantage.co/premium/ to instantly unlock all premium endpoints
2025-06-27 17:13:16,405 - retry.api - WARNING - Thank you for using Alpha Vantage! This is a premium endpoint. You may subscribe to any of the premium plans at https://www.alphavantage.co/premium/ to instantly unlock all premium endpoints, retrying in 1 seconds...
2025-06-27 17:13:17,519 - data_collector - ERROR - Alpha Vantage API error for USDCHF: Thank you for using Alpha Vantage! This is a premium endpoint. You may subscribe to any of the premium plans at https://www.alphavantage.co/premium/ to instantly unlock all premium endpoints
2025-06-27 17:13:17,519 - retry.api - WARNING - Thank you for using Alpha Vantage! This is a premium endpoint. You may subscribe to any of the premium plans at https://www.alphavantage.co/premium/ to instantly unlock all premium endpoints, retrying in 2 seconds...
2025-06-27 17:13:19,629 - data_collector - ERROR - Alpha Vantage API error for USDCHF: Thank you for using Alpha Vantage! This is a premium endpoint. You may subscribe to any of the premium plans at https://www.alphavantage.co/premium/ to instantly unlock all premium endpoints
2025-06-27 17:13:19,629 - data_collector - WARNING - Alpha Vantage failed for USDCHF: Thank you for using Alpha Vantage! This is a premium endpoint. You may subscribe to any of the premium plans at https://www.alphavantage.co/premium/ to instantly unlock all premium endpoints
2025-06-27 17:13:20,053 - yfinance - ERROR - $USDCHF=X: possibly delisted; no price data found  (period=5y) (Yahoo error = "Invalid input - interval=1min is not supported. Valid intervals: [1m, 2m, 5m, 15m, 30m, 60m, 90m, 1h, 4h, 1d, 5d, 1wk, 1mo, 3mo]")
2025-06-27 17:13:20,054 - data_collector - WARNING - No data returned from Yahoo Finance for USDCHF
2025-06-27 17:13:20,054 - data_collector - ERROR - All data sources failed for USDCHF
2025-06-27 17:13:22,528 - data_collector - INFO - Retrieved 5000 records from Alpha Vantage for USDCHF
2025-06-27 17:13:22,763 - yfinance - ERROR - $USDCHF=X: possibly delisted; no price data found  (period=5y) (Yahoo error = "Invalid input - interval=daily is not supported. Valid intervals: [1m, 2m, 5m, 15m, 30m, 60m, 90m, 1h, 4h, 1d, 5d, 1wk, 1mo, 3mo]")
2025-06-27 17:13:22,763 - data_collector - WARNING - No data returned from Yahoo Finance for USDCHF
2025-06-27 17:13:22,764 - data_collector - INFO - Collected 5000 records for USDCHF
2025-06-27 17:13:23,780 - data_collector - INFO - Validated 5000 out of 5000 records
2025-06-27 17:13:23,947 - database_manager - INFO - Inserted batch of 1000 records
2025-06-27 17:13:24,034 - database_manager - INFO - Inserted batch of 1000 records
2025-06-27 17:13:24,098 - database_manager - INFO - Inserted batch of 1000 records
2025-06-27 17:13:24,164 - database_manager - INFO - Inserted batch of 1000 records
2025-06-27 17:13:24,232 - database_manager - INFO - Inserted batch of 1000 records
2025-06-27 17:13:24,232 - database_manager - INFO - Successfully inserted 5000 forex data records
2025-06-27 17:13:24,233 - __main__ - INFO - Successfully stored 5000 records for USDCHF
2025-06-27 17:13:26,234 - __main__ - INFO - Collecting historical data for AUDUSD
2025-06-27 17:13:26,507 - data_collector - INFO - Fetching historical data for AUDUSD
2025-06-27 17:13:26,609 - data_collector - ERROR - Alpha Vantage API error for AUDUSD: Thank you for using Alpha Vantage! This is a premium endpoint. You may subscribe to any of the premium plans at https://www.alphavantage.co/premium/ to instantly unlock all premium endpoints
2025-06-27 17:13:26,609 - retry.api - WARNING - Thank you for using Alpha Vantage! This is a premium endpoint. You may subscribe to any of the premium plans at https://www.alphavantage.co/premium/ to instantly unlock all premium endpoints, retrying in 1 seconds...
2025-06-27 17:13:27,897 - data_collector - ERROR - Alpha Vantage API error for AUDUSD: Thank you for using Alpha Vantage! This is a premium endpoint. You may subscribe to any of the premium plans at https://www.alphavantage.co/premium/ to instantly unlock all premium endpoints
2025-06-27 17:13:27,897 - retry.api - WARNING - Thank you for using Alpha Vantage! This is a premium endpoint. You may subscribe to any of the premium plans at https://www.alphavantage.co/premium/ to instantly unlock all premium endpoints, retrying in 2 seconds...
2025-06-27 17:13:30,000 - data_collector - ERROR - Alpha Vantage API error for AUDUSD: Thank you for using Alpha Vantage! This is a premium endpoint. You may subscribe to any of the premium plans at https://www.alphavantage.co/premium/ to instantly unlock all premium endpoints
2025-06-27 17:13:30,001 - data_collector - WARNING - Alpha Vantage failed for AUDUSD: Thank you for using Alpha Vantage! This is a premium endpoint. You may subscribe to any of the premium plans at https://www.alphavantage.co/premium/ to instantly unlock all premium endpoints
2025-06-27 17:13:30,328 - yfinance - ERROR - $AUDUSD=X: possibly delisted; no price data found  (period=5y) (Yahoo error = "Invalid input - interval=1min is not supported. Valid intervals: [1m, 2m, 5m, 15m, 30m, 60m, 90m, 1h, 4h, 1d, 5d, 1wk, 1mo, 3mo]")
2025-06-27 17:13:30,328 - data_collector - WARNING - No data returned from Yahoo Finance for AUDUSD
2025-06-27 17:13:30,329 - data_collector - ERROR - All data sources failed for AUDUSD
2025-06-27 17:13:32,626 - data_collector - INFO - Retrieved 5000 records from Alpha Vantage for AUDUSD
2025-06-27 17:13:32,862 - yfinance - ERROR - $AUDUSD=X: possibly delisted; no price data found  (period=5y) (Yahoo error = "Invalid input - interval=daily is not supported. Valid intervals: [1m, 2m, 5m, 15m, 30m, 60m, 90m, 1h, 4h, 1d, 5d, 1wk, 1mo, 3mo]")
2025-06-27 17:13:32,863 - data_collector - WARNING - No data returned from Yahoo Finance for AUDUSD
2025-06-27 17:13:32,866 - data_collector - INFO - Collected 5000 records for AUDUSD
2025-06-27 17:13:33,884 - data_collector - INFO - Validated 5000 out of 5000 records
2025-06-27 17:13:34,051 - database_manager - INFO - Inserted batch of 1000 records
2025-06-27 17:13:34,128 - database_manager - INFO - Inserted batch of 1000 records
2025-06-27 17:13:34,204 - database_manager - INFO - Inserted batch of 1000 records
2025-06-27 17:13:34,278 - database_manager - INFO - Inserted batch of 1000 records
2025-06-27 17:13:34,353 - database_manager - INFO - Inserted batch of 1000 records
2025-06-27 17:13:34,367 - database_manager - INFO - Successfully inserted 5000 forex data records
2025-06-27 17:13:34,368 - __main__ - INFO - Successfully stored 5000 records for AUDUSD
2025-06-27 17:13:36,369 - __main__ - INFO - Collecting historical data for USDCAD
2025-06-27 17:13:36,662 - data_collector - INFO - Fetching historical data for USDCAD
2025-06-27 17:13:36,806 - data_collector - ERROR - Alpha Vantage API error for USDCAD: Thank you for using Alpha Vantage! This is a premium endpoint. You may subscribe to any of the premium plans at https://www.alphavantage.co/premium/ to instantly unlock all premium endpoints
2025-06-27 17:13:36,806 - retry.api - WARNING - Thank you for using Alpha Vantage! This is a premium endpoint. You may subscribe to any of the premium plans at https://www.alphavantage.co/premium/ to instantly unlock all premium endpoints, retrying in 1 seconds...
2025-06-27 17:13:37,969 - data_collector - ERROR - Alpha Vantage API error for USDCAD: Thank you for using Alpha Vantage! This is a premium endpoint. You may subscribe to any of the premium plans at https://www.alphavantage.co/premium/ to instantly unlock all premium endpoints
2025-06-27 17:13:37,969 - retry.api - WARNING - Thank you for using Alpha Vantage! This is a premium endpoint. You may subscribe to any of the premium plans at https://www.alphavantage.co/premium/ to instantly unlock all premium endpoints, retrying in 2 seconds...
2025-06-27 17:13:40,077 - data_collector - ERROR - Alpha Vantage API error for USDCAD: Thank you for using Alpha Vantage! This is a premium endpoint. You may subscribe to any of the premium plans at https://www.alphavantage.co/premium/ to instantly unlock all premium endpoints
2025-06-27 17:13:40,078 - data_collector - WARNING - Alpha Vantage failed for USDCAD: Thank you for using Alpha Vantage! This is a premium endpoint. You may subscribe to any of the premium plans at https://www.alphavantage.co/premium/ to instantly unlock all premium endpoints
2025-06-27 17:13:40,413 - yfinance - ERROR - $USDCAD=X: possibly delisted; no price data found  (period=5y) (Yahoo error = "Invalid input - interval=1min is not supported. Valid intervals: [1m, 2m, 5m, 15m, 30m, 60m, 90m, 1h, 4h, 1d, 5d, 1wk, 1mo, 3mo]")
2025-06-27 17:13:40,414 - data_collector - WARNING - No data returned from Yahoo Finance for USDCAD
2025-06-27 17:13:40,414 - data_collector - ERROR - All data sources failed for USDCAD
2025-06-27 17:13:43,132 - data_collector - INFO - Retrieved 5000 records from Alpha Vantage for USDCAD
2025-06-27 17:13:43,450 - yfinance - ERROR - $USDCAD=X: possibly delisted; no price data found  (period=5y) (Yahoo error = "Invalid input - interval=daily is not supported. Valid intervals: [1m, 2m, 5m, 15m, 30m, 60m, 90m, 1h, 4h, 1d, 5d, 1wk, 1mo, 3mo]")
2025-06-27 17:13:43,450 - data_collector - WARNING - No data returned from Yahoo Finance for USDCAD
2025-06-27 17:13:43,455 - data_collector - INFO - Collected 5000 records for USDCAD
2025-06-27 17:13:44,470 - data_collector - INFO - Validated 5000 out of 5000 records
2025-06-27 17:13:44,632 - database_manager - INFO - Inserted batch of 1000 records
2025-06-27 17:13:44,715 - database_manager - INFO - Inserted batch of 1000 records
2025-06-27 17:13:44,795 - database_manager - INFO - Inserted batch of 1000 records
2025-06-27 17:13:44,867 - database_manager - INFO - Inserted batch of 1000 records
2025-06-27 17:13:44,939 - database_manager - INFO - Inserted batch of 1000 records
2025-06-27 17:13:44,941 - database_manager - INFO - Successfully inserted 5000 forex data records
2025-06-27 17:13:44,941 - __main__ - INFO - Successfully stored 5000 records for USDCAD
2025-06-27 17:13:46,943 - __main__ - INFO - Collecting historical data for NZDUSD
2025-06-27 17:13:47,218 - data_collector - INFO - Fetching historical data for NZDUSD
2025-06-27 17:13:47,351 - data_collector - ERROR - Alpha Vantage API error for NZDUSD: Thank you for using Alpha Vantage! This is a premium endpoint. You may subscribe to any of the premium plans at https://www.alphavantage.co/premium/ to instantly unlock all premium endpoints
2025-06-27 17:13:47,352 - retry.api - WARNING - Thank you for using Alpha Vantage! This is a premium endpoint. You may subscribe to any of the premium plans at https://www.alphavantage.co/premium/ to instantly unlock all premium endpoints, retrying in 1 seconds...
2025-06-27 17:13:48,460 - data_collector - ERROR - Alpha Vantage API error for NZDUSD: Thank you for using Alpha Vantage! This is a premium endpoint. You may subscribe to any of the premium plans at https://www.alphavantage.co/premium/ to instantly unlock all premium endpoints
2025-06-27 17:13:48,461 - retry.api - WARNING - Thank you for using Alpha Vantage! This is a premium endpoint. You may subscribe to any of the premium plans at https://www.alphavantage.co/premium/ to instantly unlock all premium endpoints, retrying in 2 seconds...
2025-06-27 17:13:50,615 - data_collector - ERROR - Alpha Vantage API error for NZDUSD: Thank you for using Alpha Vantage! This is a premium endpoint. You may subscribe to any of the premium plans at https://www.alphavantage.co/premium/ to instantly unlock all premium endpoints
2025-06-27 17:13:50,615 - data_collector - WARNING - Alpha Vantage failed for NZDUSD: Thank you for using Alpha Vantage! This is a premium endpoint. You may subscribe to any of the premium plans at https://www.alphavantage.co/premium/ to instantly unlock all premium endpoints
2025-06-27 17:13:50,997 - yfinance - ERROR - $NZDUSD=X: possibly delisted; no price data found  (period=5y) (Yahoo error = "Invalid input - interval=1min is not supported. Valid intervals: [1m, 2m, 5m, 15m, 30m, 60m, 90m, 1h, 4h, 1d, 5d, 1wk, 1mo, 3mo]")
2025-06-27 17:13:50,998 - data_collector - WARNING - No data returned from Yahoo Finance for NZDUSD
2025-06-27 17:13:50,998 - data_collector - ERROR - All data sources failed for NZDUSD
2025-06-27 17:13:52,716 - data_collector - INFO - Retrieved 5000 records from Alpha Vantage for NZDUSD
2025-06-27 17:13:52,957 - yfinance - ERROR - $NZDUSD=X: possibly delisted; no price data found  (period=5y) (Yahoo error = "Invalid input - interval=daily is not supported. Valid intervals: [1m, 2m, 5m, 15m, 30m, 60m, 90m, 1h, 4h, 1d, 5d, 1wk, 1mo, 3mo]")
2025-06-27 17:13:52,958 - data_collector - WARNING - No data returned from Yahoo Finance for NZDUSD
2025-06-27 17:13:52,965 - data_collector - INFO - Collected 5000 records for NZDUSD
2025-06-27 17:13:53,979 - data_collector - INFO - Validated 5000 out of 5000 records
2025-06-27 17:13:54,141 - database_manager - INFO - Inserted batch of 1000 records
2025-06-27 17:13:54,218 - database_manager - INFO - Inserted batch of 1000 records
2025-06-27 17:13:54,293 - database_manager - INFO - Inserted batch of 1000 records
2025-06-27 17:13:54,361 - database_manager - INFO - Inserted batch of 1000 records
2025-06-27 17:13:54,430 - database_manager - INFO - Inserted batch of 1000 records
2025-06-27 17:13:54,431 - database_manager - INFO - Successfully inserted 5000 forex data records
2025-06-27 17:13:54,431 - __main__ - INFO - Successfully stored 5000 records for NZDUSD
2025-06-27 17:13:56,433 - __main__ - INFO - Collecting historical data for EURGBP
2025-06-27 17:13:56,705 - data_collector - INFO - Fetching historical data for EURGBP
2025-06-27 17:13:56,803 - data_collector - ERROR - Alpha Vantage API error for EURGBP: Thank you for using Alpha Vantage! This is a premium endpoint. You may subscribe to any of the premium plans at https://www.alphavantage.co/premium/ to instantly unlock all premium endpoints
2025-06-27 17:13:56,803 - retry.api - WARNING - Thank you for using Alpha Vantage! This is a premium endpoint. You may subscribe to any of the premium plans at https://www.alphavantage.co/premium/ to instantly unlock all premium endpoints, retrying in 1 seconds...
2025-06-27 17:13:57,908 - data_collector - ERROR - Alpha Vantage API error for EURGBP: Thank you for using Alpha Vantage! This is a premium endpoint. You may subscribe to any of the premium plans at https://www.alphavantage.co/premium/ to instantly unlock all premium endpoints
2025-06-27 17:13:57,909 - retry.api - WARNING - Thank you for using Alpha Vantage! This is a premium endpoint. You may subscribe to any of the premium plans at https://www.alphavantage.co/premium/ to instantly unlock all premium endpoints, retrying in 2 seconds...
2025-06-27 17:14:00,018 - data_collector - ERROR - Alpha Vantage API error for EURGBP: Thank you for using Alpha Vantage! This is a premium endpoint. You may subscribe to any of the premium plans at https://www.alphavantage.co/premium/ to instantly unlock all premium endpoints
2025-06-27 17:14:00,019 - data_collector - WARNING - Alpha Vantage failed for EURGBP: Thank you for using Alpha Vantage! This is a premium endpoint. You may subscribe to any of the premium plans at https://www.alphavantage.co/premium/ to instantly unlock all premium endpoints
2025-06-27 17:14:00,626 - yfinance - ERROR - $EURGBP=X: possibly delisted; no price data found  (period=5y) (Yahoo error = "Invalid input - interval=1min is not supported. Valid intervals: [1m, 2m, 5m, 15m, 30m, 60m, 90m, 1h, 4h, 1d, 5d, 1wk, 1mo, 3mo]")
2025-06-27 17:14:00,627 - data_collector - WARNING - No data returned from Yahoo Finance for EURGBP
2025-06-27 17:14:00,627 - data_collector - ERROR - All data sources failed for EURGBP
2025-06-27 17:14:03,062 - data_collector - INFO - Retrieved 5000 records from Alpha Vantage for EURGBP
2025-06-27 17:14:03,507 - yfinance - ERROR - $EURGBP=X: possibly delisted; no price data found  (period=5y) (Yahoo error = "Invalid input - interval=daily is not supported. Valid intervals: [1m, 2m, 5m, 15m, 30m, 60m, 90m, 1h, 4h, 1d, 5d, 1wk, 1mo, 3mo]")
2025-06-27 17:14:03,508 - data_collector - WARNING - No data returned from Yahoo Finance for EURGBP
2025-06-27 17:14:03,512 - data_collector - INFO - Collected 5000 records for EURGBP
2025-06-27 17:14:04,528 - data_collector - INFO - Validated 5000 out of 5000 records
2025-06-27 17:14:04,694 - database_manager - INFO - Inserted batch of 1000 records
2025-06-27 17:14:04,771 - database_manager - INFO - Inserted batch of 1000 records
2025-06-27 17:14:04,852 - database_manager - INFO - Inserted batch of 1000 records
2025-06-27 17:14:04,922 - database_manager - INFO - Inserted batch of 1000 records
2025-06-27 17:14:04,994 - database_manager - INFO - Inserted batch of 1000 records
2025-06-27 17:14:04,996 - database_manager - INFO - Successfully inserted 5000 forex data records
2025-06-27 17:14:04,996 - __main__ - INFO - Successfully stored 5000 records for EURGBP
2025-06-27 17:14:06,997 - __main__ - INFO - Collecting historical data for EURJPY
2025-06-27 17:14:07,270 - data_collector - INFO - Fetching historical data for EURJPY
2025-06-27 17:14:07,370 - data_collector - ERROR - Alpha Vantage API error for EURJPY: Thank you for using Alpha Vantage! This is a premium endpoint. You may subscribe to any of the premium plans at https://www.alphavantage.co/premium/ to instantly unlock all premium endpoints
2025-06-27 17:14:07,371 - retry.api - WARNING - Thank you for using Alpha Vantage! This is a premium endpoint. You may subscribe to any of the premium plans at https://www.alphavantage.co/premium/ to instantly unlock all premium endpoints, retrying in 1 seconds...
2025-06-27 17:14:08,485 - data_collector - ERROR - Alpha Vantage API error for EURJPY: Thank you for using Alpha Vantage! This is a premium endpoint. You may subscribe to any of the premium plans at https://www.alphavantage.co/premium/ to instantly unlock all premium endpoints
2025-06-27 17:14:08,486 - retry.api - WARNING - Thank you for using Alpha Vantage! This is a premium endpoint. You may subscribe to any of the premium plans at https://www.alphavantage.co/premium/ to instantly unlock all premium endpoints, retrying in 2 seconds...
2025-06-27 17:14:10,592 - data_collector - ERROR - Alpha Vantage API error for EURJPY: Thank you for using Alpha Vantage! This is a premium endpoint. You may subscribe to any of the premium plans at https://www.alphavantage.co/premium/ to instantly unlock all premium endpoints
2025-06-27 17:14:10,593 - data_collector - WARNING - Alpha Vantage failed for EURJPY: Thank you for using Alpha Vantage! This is a premium endpoint. You may subscribe to any of the premium plans at https://www.alphavantage.co/premium/ to instantly unlock all premium endpoints
2025-06-27 17:14:10,995 - yfinance - ERROR - $EURJPY=X: possibly delisted; no price data found  (period=5y) (Yahoo error = "Invalid input - interval=1min is not supported. Valid intervals: [1m, 2m, 5m, 15m, 30m, 60m, 90m, 1h, 4h, 1d, 5d, 1wk, 1mo, 3mo]")
2025-06-27 17:14:10,996 - data_collector - WARNING - No data returned from Yahoo Finance for EURJPY
2025-06-27 17:14:10,997 - data_collector - ERROR - All data sources failed for EURJPY
2025-06-27 17:14:13,713 - data_collector - INFO - Retrieved 5000 records from Alpha Vantage for EURJPY
2025-06-27 17:14:14,085 - yfinance - ERROR - $EURJPY=X: possibly delisted; no price data found  (period=5y) (Yahoo error = "Invalid input - interval=daily is not supported. Valid intervals: [1m, 2m, 5m, 15m, 30m, 60m, 90m, 1h, 4h, 1d, 5d, 1wk, 1mo, 3mo]")
2025-06-27 17:14:14,086 - data_collector - WARNING - No data returned from Yahoo Finance for EURJPY
2025-06-27 17:14:14,090 - data_collector - INFO - Collected 5000 records for EURJPY
2025-06-27 17:14:15,105 - data_collector - INFO - Validated 5000 out of 5000 records
2025-06-27 17:14:15,264 - database_manager - INFO - Inserted batch of 1000 records
2025-06-27 17:14:15,345 - database_manager - INFO - Inserted batch of 1000 records
2025-06-27 17:14:15,421 - database_manager - INFO - Inserted batch of 1000 records
2025-06-27 17:14:15,495 - database_manager - INFO - Inserted batch of 1000 records
2025-06-27 17:14:15,574 - database_manager - INFO - Inserted batch of 1000 records
2025-06-27 17:14:15,575 - database_manager - INFO - Successfully inserted 5000 forex data records
2025-06-27 17:14:15,575 - __main__ - INFO - Successfully stored 5000 records for EURJPY
2025-06-27 17:14:17,577 - __main__ - INFO - Collecting historical data for GBPJPY
2025-06-27 17:14:17,856 - data_collector - INFO - Fetching historical data for GBPJPY
2025-06-27 17:14:17,963 - data_collector - ERROR - Alpha Vantage API error for GBPJPY: Thank you for using Alpha Vantage! This is a premium endpoint. You may subscribe to any of the premium plans at https://www.alphavantage.co/premium/ to instantly unlock all premium endpoints
2025-06-27 17:14:17,964 - retry.api - WARNING - Thank you for using Alpha Vantage! This is a premium endpoint. You may subscribe to any of the premium plans at https://www.alphavantage.co/premium/ to instantly unlock all premium endpoints, retrying in 1 seconds...
2025-06-27 17:14:19,071 - data_collector - ERROR - Alpha Vantage API error for GBPJPY: Thank you for using Alpha Vantage! This is a premium endpoint. You may subscribe to any of the premium plans at https://www.alphavantage.co/premium/ to instantly unlock all premium endpoints
2025-06-27 17:14:19,071 - retry.api - WARNING - Thank you for using Alpha Vantage! This is a premium endpoint. You may subscribe to any of the premium plans at https://www.alphavantage.co/premium/ to instantly unlock all premium endpoints, retrying in 2 seconds...
2025-06-27 17:14:21,181 - data_collector - ERROR - Alpha Vantage API error for GBPJPY: Thank you for using Alpha Vantage! This is a premium endpoint. You may subscribe to any of the premium plans at https://www.alphavantage.co/premium/ to instantly unlock all premium endpoints
2025-06-27 17:14:21,181 - data_collector - WARNING - Alpha Vantage failed for GBPJPY: Thank you for using Alpha Vantage! This is a premium endpoint. You may subscribe to any of the premium plans at https://www.alphavantage.co/premium/ to instantly unlock all premium endpoints
2025-06-27 17:14:21,553 - yfinance - ERROR - $GBPJPY=X: possibly delisted; no price data found  (period=5y) (Yahoo error = "Invalid input - interval=1min is not supported. Valid intervals: [1m, 2m, 5m, 15m, 30m, 60m, 90m, 1h, 4h, 1d, 5d, 1wk, 1mo, 3mo]")
2025-06-27 17:14:21,554 - data_collector - WARNING - No data returned from Yahoo Finance for GBPJPY
2025-06-27 17:14:21,554 - data_collector - ERROR - All data sources failed for GBPJPY
2025-06-27 17:14:23,353 - data_collector - INFO - Retrieved 5000 records from Alpha Vantage for GBPJPY
2025-06-27 17:14:23,765 - yfinance - ERROR - $GBPJPY=X: possibly delisted; no price data found  (period=5y) (Yahoo error = "Invalid input - interval=daily is not supported. Valid intervals: [1m, 2m, 5m, 15m, 30m, 60m, 90m, 1h, 4h, 1d, 5d, 1wk, 1mo, 3mo]")
2025-06-27 17:14:23,765 - data_collector - WARNING - No data returned from Yahoo Finance for GBPJPY
2025-06-27 17:14:23,770 - data_collector - INFO - Collected 5000 records for GBPJPY
2025-06-27 17:14:24,785 - data_collector - INFO - Validated 5000 out of 5000 records
2025-06-27 17:14:24,945 - database_manager - INFO - Inserted batch of 1000 records
2025-06-27 17:14:25,013 - database_manager - INFO - Inserted batch of 1000 records
2025-06-27 17:14:25,088 - database_manager - INFO - Inserted batch of 1000 records
2025-06-27 17:14:25,163 - database_manager - INFO - Inserted batch of 1000 records
2025-06-27 17:14:25,237 - database_manager - INFO - Inserted batch of 1000 records
2025-06-27 17:14:25,238 - database_manager - INFO - Successfully inserted 5000 forex data records
2025-06-27 17:14:25,239 - __main__ - INFO - Successfully stored 5000 records for GBPJPY
2025-06-27 17:14:27,240 - __main__ - INFO - Collecting historical data for CHFJPY
2025-06-27 17:14:27,516 - data_collector - INFO - Fetching historical data for CHFJPY
2025-06-27 17:14:27,621 - data_collector - ERROR - Alpha Vantage API error for CHFJPY: Thank you for using Alpha Vantage! This is a premium endpoint. You may subscribe to any of the premium plans at https://www.alphavantage.co/premium/ to instantly unlock all premium endpoints
2025-06-27 17:14:27,621 - retry.api - WARNING - Thank you for using Alpha Vantage! This is a premium endpoint. You may subscribe to any of the premium plans at https://www.alphavantage.co/premium/ to instantly unlock all premium endpoints, retrying in 1 seconds...
2025-06-27 17:14:28,722 - data_collector - ERROR - Alpha Vantage API error for CHFJPY: Thank you for using Alpha Vantage! This is a premium endpoint. You may subscribe to any of the premium plans at https://www.alphavantage.co/premium/ to instantly unlock all premium endpoints
2025-06-27 17:14:28,722 - retry.api - WARNING - Thank you for using Alpha Vantage! This is a premium endpoint. You may subscribe to any of the premium plans at https://www.alphavantage.co/premium/ to instantly unlock all premium endpoints, retrying in 2 seconds...
2025-06-27 17:14:30,866 - data_collector - ERROR - Alpha Vantage API error for CHFJPY: Thank you for using Alpha Vantage! This is a premium endpoint. You may subscribe to any of the premium plans at https://www.alphavantage.co/premium/ to instantly unlock all premium endpoints
2025-06-27 17:14:30,866 - data_collector - WARNING - Alpha Vantage failed for CHFJPY: Thank you for using Alpha Vantage! This is a premium endpoint. You may subscribe to any of the premium plans at https://www.alphavantage.co/premium/ to instantly unlock all premium endpoints
2025-06-27 17:14:31,184 - yfinance - ERROR - $CHFJPY=X: possibly delisted; no price data found  (period=5y) (Yahoo error = "Invalid input - interval=1min is not supported. Valid intervals: [1m, 2m, 5m, 15m, 30m, 60m, 90m, 1h, 4h, 1d, 5d, 1wk, 1mo, 3mo]")
2025-06-27 17:14:31,184 - data_collector - WARNING - No data returned from Yahoo Finance for CHFJPY
2025-06-27 17:14:31,185 - data_collector - ERROR - All data sources failed for CHFJPY
2025-06-27 17:14:33,123 - data_collector - INFO - Retrieved 5000 records from Alpha Vantage for CHFJPY
2025-06-27 17:14:33,695 - yfinance - ERROR - $CHFJPY=X: possibly delisted; no price data found  (period=5y) (Yahoo error = "Invalid input - interval=daily is not supported. Valid intervals: [1m, 2m, 5m, 15m, 30m, 60m, 90m, 1h, 4h, 1d, 5d, 1wk, 1mo, 3mo]")
2025-06-27 17:14:33,695 - data_collector - WARNING - No data returned from Yahoo Finance for CHFJPY
2025-06-27 17:14:33,700 - data_collector - INFO - Collected 5000 records for CHFJPY
2025-06-27 17:14:34,715 - data_collector - INFO - Validated 5000 out of 5000 records
2025-06-27 17:14:34,879 - database_manager - INFO - Inserted batch of 1000 records
2025-06-27 17:14:34,955 - database_manager - INFO - Inserted batch of 1000 records
2025-06-27 17:14:35,030 - database_manager - INFO - Inserted batch of 1000 records
2025-06-27 17:14:35,106 - database_manager - INFO - Inserted batch of 1000 records
2025-06-27 17:14:35,190 - database_manager - INFO - Inserted batch of 1000 records
2025-06-27 17:14:35,205 - database_manager - INFO - Successfully inserted 5000 forex data records
2025-06-27 17:14:35,205 - __main__ - INFO - Successfully stored 5000 records for CHFJPY
2025-06-27 17:14:37,207 - __main__ - INFO - Collecting historical data for EURCHF
2025-06-27 17:14:37,480 - data_collector - INFO - Fetching historical data for EURCHF
2025-06-27 17:14:37,586 - data_collector - ERROR - Alpha Vantage API error for EURCHF: Thank you for using Alpha Vantage! This is a premium endpoint. You may subscribe to any of the premium plans at https://www.alphavantage.co/premium/ to instantly unlock all premium endpoints
2025-06-27 17:14:37,586 - retry.api - WARNING - Thank you for using Alpha Vantage! This is a premium endpoint. You may subscribe to any of the premium plans at https://www.alphavantage.co/premium/ to instantly unlock all premium endpoints, retrying in 1 seconds...
2025-06-27 17:14:38,730 - data_collector - ERROR - Alpha Vantage API error for EURCHF: Thank you for using Alpha Vantage! This is a premium endpoint. You may subscribe to any of the premium plans at https://www.alphavantage.co/premium/ to instantly unlock all premium endpoints
2025-06-27 17:14:38,730 - retry.api - WARNING - Thank you for using Alpha Vantage! This is a premium endpoint. You may subscribe to any of the premium plans at https://www.alphavantage.co/premium/ to instantly unlock all premium endpoints, retrying in 2 seconds...
2025-06-27 17:14:40,836 - data_collector - ERROR - Alpha Vantage API error for EURCHF: Thank you for using Alpha Vantage! This is a premium endpoint. You may subscribe to any of the premium plans at https://www.alphavantage.co/premium/ to instantly unlock all premium endpoints
2025-06-27 17:14:40,836 - data_collector - WARNING - Alpha Vantage failed for EURCHF: Thank you for using Alpha Vantage! This is a premium endpoint. You may subscribe to any of the premium plans at https://www.alphavantage.co/premium/ to instantly unlock all premium endpoints
2025-06-27 17:14:41,248 - yfinance - ERROR - $EURCHF=X: possibly delisted; no price data found  (period=5y) (Yahoo error = "Invalid input - interval=1min is not supported. Valid intervals: [1m, 2m, 5m, 15m, 30m, 60m, 90m, 1h, 4h, 1d, 5d, 1wk, 1mo, 3mo]")
2025-06-27 17:14:41,248 - data_collector - WARNING - No data returned from Yahoo Finance for EURCHF
2025-06-27 17:14:41,248 - data_collector - ERROR - All data sources failed for EURCHF
2025-06-27 17:14:43,011 - data_collector - INFO - Retrieved 5000 records from Alpha Vantage for EURCHF
2025-06-27 17:14:43,529 - yfinance - ERROR - $EURCHF=X: possibly delisted; no price data found  (period=5y) (Yahoo error = "Invalid input - interval=daily is not supported. Valid intervals: [1m, 2m, 5m, 15m, 30m, 60m, 90m, 1h, 4h, 1d, 5d, 1wk, 1mo, 3mo]")
2025-06-27 17:14:43,530 - data_collector - WARNING - No data returned from Yahoo Finance for EURCHF
2025-06-27 17:14:43,536 - data_collector - INFO - Collected 5000 records for EURCHF
2025-06-27 17:14:44,552 - data_collector - INFO - Validated 5000 out of 5000 records
2025-06-27 17:14:44,713 - database_manager - INFO - Inserted batch of 1000 records
2025-06-27 17:14:44,793 - database_manager - INFO - Inserted batch of 1000 records
2025-06-27 17:14:44,880 - database_manager - INFO - Inserted batch of 1000 records
2025-06-27 17:14:44,961 - database_manager - INFO - Inserted batch of 1000 records
2025-06-27 17:14:45,037 - database_manager - INFO - Inserted batch of 1000 records
2025-06-27 17:14:45,038 - database_manager - INFO - Successfully inserted 5000 forex data records
2025-06-27 17:14:45,038 - __main__ - INFO - Successfully stored 5000 records for EURCHF
2025-06-27 17:14:47,039 - __main__ - INFO - Collecting historical data for AUDCHF
2025-06-27 17:14:47,311 - data_collector - INFO - Fetching historical data for AUDCHF
2025-06-27 17:14:47,444 - data_collector - ERROR - Alpha Vantage API error for AUDCHF: Thank you for using Alpha Vantage! This is a premium endpoint. You may subscribe to any of the premium plans at https://www.alphavantage.co/premium/ to instantly unlock all premium endpoints
2025-06-27 17:14:47,444 - retry.api - WARNING - Thank you for using Alpha Vantage! This is a premium endpoint. You may subscribe to any of the premium plans at https://www.alphavantage.co/premium/ to instantly unlock all premium endpoints, retrying in 1 seconds...
2025-06-27 17:14:48,586 - data_collector - ERROR - Alpha Vantage API error for AUDCHF: Thank you for using Alpha Vantage! This is a premium endpoint. You may subscribe to any of the premium plans at https://www.alphavantage.co/premium/ to instantly unlock all premium endpoints
2025-06-27 17:14:48,586 - retry.api - WARNING - Thank you for using Alpha Vantage! This is a premium endpoint. You may subscribe to any of the premium plans at https://www.alphavantage.co/premium/ to instantly unlock all premium endpoints, retrying in 2 seconds...
2025-06-27 17:14:50,699 - data_collector - ERROR - Alpha Vantage API error for AUDCHF: Thank you for using Alpha Vantage! This is a premium endpoint. You may subscribe to any of the premium plans at https://www.alphavantage.co/premium/ to instantly unlock all premium endpoints
2025-06-27 17:14:50,700 - data_collector - WARNING - Alpha Vantage failed for AUDCHF: Thank you for using Alpha Vantage! This is a premium endpoint. You may subscribe to any of the premium plans at https://www.alphavantage.co/premium/ to instantly unlock all premium endpoints
2025-06-27 17:14:51,024 - yfinance - ERROR - $AUDCHF=X: possibly delisted; no price data found  (period=5y) (Yahoo error = "Invalid input - interval=1min is not supported. Valid intervals: [1m, 2m, 5m, 15m, 30m, 60m, 90m, 1h, 4h, 1d, 5d, 1wk, 1mo, 3mo]")
2025-06-27 17:14:51,025 - data_collector - WARNING - No data returned from Yahoo Finance for AUDCHF
2025-06-27 17:14:51,025 - data_collector - ERROR - All data sources failed for AUDCHF
2025-06-27 17:14:53,177 - data_collector - INFO - Retrieved 5000 records from Alpha Vantage for AUDCHF
2025-06-27 17:14:53,523 - yfinance - ERROR - $AUDCHF=X: possibly delisted; no price data found  (period=5y) (Yahoo error = "Invalid input - interval=daily is not supported. Valid intervals: [1m, 2m, 5m, 15m, 30m, 60m, 90m, 1h, 4h, 1d, 5d, 1wk, 1mo, 3mo]")
2025-06-27 17:14:53,523 - data_collector - WARNING - No data returned from Yahoo Finance for AUDCHF
2025-06-27 17:14:53,526 - data_collector - INFO - Collected 5000 records for AUDCHF
2025-06-27 17:14:54,543 - data_collector - INFO - Validated 5000 out of 5000 records
2025-06-27 17:14:54,703 - database_manager - INFO - Inserted batch of 1000 records
2025-06-27 17:14:54,770 - database_manager - INFO - Inserted batch of 1000 records
2025-06-27 17:14:54,841 - database_manager - INFO - Inserted batch of 1000 records
2025-06-27 17:14:54,915 - database_manager - INFO - Inserted batch of 1000 records
2025-06-27 17:14:54,994 - database_manager - INFO - Inserted batch of 1000 records
2025-06-27 17:14:54,994 - database_manager - INFO - Successfully inserted 5000 forex data records
2025-06-27 17:14:54,995 - __main__ - INFO - Successfully stored 5000 records for AUDCHF
2025-06-27 17:14:56,996 - __main__ - INFO - Collecting historical data for GBPCHF
2025-06-27 17:14:57,270 - data_collector - INFO - Fetching historical data for GBPCHF
2025-06-27 17:14:57,378 - data_collector - ERROR - Alpha Vantage API error for GBPCHF: Thank you for using Alpha Vantage! This is a premium endpoint. You may subscribe to any of the premium plans at https://www.alphavantage.co/premium/ to instantly unlock all premium endpoints
2025-06-27 17:14:57,378 - retry.api - WARNING - Thank you for using Alpha Vantage! This is a premium endpoint. You may subscribe to any of the premium plans at https://www.alphavantage.co/premium/ to instantly unlock all premium endpoints, retrying in 1 seconds...
2025-06-27 17:14:58,520 - data_collector - ERROR - Alpha Vantage API error for GBPCHF: Thank you for using Alpha Vantage! This is a premium endpoint. You may subscribe to any of the premium plans at https://www.alphavantage.co/premium/ to instantly unlock all premium endpoints
2025-06-27 17:14:58,520 - retry.api - WARNING - Thank you for using Alpha Vantage! This is a premium endpoint. You may subscribe to any of the premium plans at https://www.alphavantage.co/premium/ to instantly unlock all premium endpoints, retrying in 2 seconds...
2025-06-27 17:15:00,687 - data_collector - ERROR - Alpha Vantage API error for GBPCHF: Thank you for using Alpha Vantage! This is a premium endpoint. You may subscribe to any of the premium plans at https://www.alphavantage.co/premium/ to instantly unlock all premium endpoints
2025-06-27 17:15:00,687 - data_collector - WARNING - Alpha Vantage failed for GBPCHF: Thank you for using Alpha Vantage! This is a premium endpoint. You may subscribe to any of the premium plans at https://www.alphavantage.co/premium/ to instantly unlock all premium endpoints
2025-06-27 17:15:01,556 - yfinance - ERROR - $GBPCHF=X: possibly delisted; no price data found  (period=5y) (Yahoo error = "Invalid input - interval=1min is not supported. Valid intervals: [1m, 2m, 5m, 15m, 30m, 60m, 90m, 1h, 4h, 1d, 5d, 1wk, 1mo, 3mo]")
2025-06-27 17:15:01,557 - data_collector - WARNING - No data returned from Yahoo Finance for GBPCHF
2025-06-27 17:15:01,557 - data_collector - ERROR - All data sources failed for GBPCHF
2025-06-27 17:15:03,300 - data_collector - INFO - Retrieved 5000 records from Alpha Vantage for GBPCHF
2025-06-27 17:15:03,645 - yfinance - ERROR - $GBPCHF=X: possibly delisted; no price data found  (period=5y) (Yahoo error = "Invalid input - interval=daily is not supported. Valid intervals: [1m, 2m, 5m, 15m, 30m, 60m, 90m, 1h, 4h, 1d, 5d, 1wk, 1mo, 3mo]")
2025-06-27 17:15:03,646 - data_collector - WARNING - No data returned from Yahoo Finance for GBPCHF
2025-06-27 17:15:03,650 - data_collector - INFO - Collected 5000 records for GBPCHF
2025-06-27 17:15:04,666 - data_collector - INFO - Validated 5000 out of 5000 records
2025-06-27 17:15:04,827 - database_manager - INFO - Inserted batch of 1000 records
2025-06-27 17:15:04,904 - database_manager - INFO - Inserted batch of 1000 records
2025-06-27 17:15:04,984 - database_manager - INFO - Inserted batch of 1000 records
2025-06-27 17:15:05,047 - database_manager - INFO - Inserted batch of 1000 records
2025-06-27 17:15:05,120 - database_manager - INFO - Inserted batch of 1000 records
2025-06-27 17:15:05,129 - database_manager - INFO - Successfully inserted 5000 forex data records
2025-06-27 17:15:05,129 - __main__ - INFO - Successfully stored 5000 records for GBPCHF
2025-06-27 17:15:07,130 - __main__ - INFO - Collecting historical data for CADCHF
2025-06-27 17:15:07,397 - data_collector - INFO - Fetching historical data for CADCHF
2025-06-27 17:15:07,517 - data_collector - ERROR - Alpha Vantage API error for CADCHF: Thank you for using Alpha Vantage! This is a premium endpoint. You may subscribe to any of the premium plans at https://www.alphavantage.co/premium/ to instantly unlock all premium endpoints
2025-06-27 17:15:07,518 - retry.api - WARNING - Thank you for using Alpha Vantage! This is a premium endpoint. You may subscribe to any of the premium plans at https://www.alphavantage.co/premium/ to instantly unlock all premium endpoints, retrying in 1 seconds...
2025-06-27 17:15:08,626 - data_collector - ERROR - Alpha Vantage API error for CADCHF: Thank you for using Alpha Vantage! This is a premium endpoint. You may subscribe to any of the premium plans at https://www.alphavantage.co/premium/ to instantly unlock all premium endpoints
2025-06-27 17:15:08,626 - retry.api - WARNING - Thank you for using Alpha Vantage! This is a premium endpoint. You may subscribe to any of the premium plans at https://www.alphavantage.co/premium/ to instantly unlock all premium endpoints, retrying in 2 seconds...
2025-06-27 17:15:10,725 - data_collector - ERROR - Alpha Vantage API error for CADCHF: Thank you for using Alpha Vantage! This is a premium endpoint. You may subscribe to any of the premium plans at https://www.alphavantage.co/premium/ to instantly unlock all premium endpoints
2025-06-27 17:15:10,726 - data_collector - WARNING - Alpha Vantage failed for CADCHF: Thank you for using Alpha Vantage! This is a premium endpoint. You may subscribe to any of the premium plans at https://www.alphavantage.co/premium/ to instantly unlock all premium endpoints
2025-06-27 17:15:11,148 - yfinance - ERROR - $CADCHF=X: possibly delisted; no price data found  (period=5y) (Yahoo error = "Invalid input - interval=1min is not supported. Valid intervals: [1m, 2m, 5m, 15m, 30m, 60m, 90m, 1h, 4h, 1d, 5d, 1wk, 1mo, 3mo]")
2025-06-27 17:15:11,148 - data_collector - WARNING - No data returned from Yahoo Finance for CADCHF
2025-06-27 17:15:11,149 - data_collector - ERROR - All data sources failed for CADCHF
2025-06-27 17:15:12,614 - data_collector - INFO - Retrieved 4936 records from Alpha Vantage for CADCHF
2025-06-27 17:15:12,938 - yfinance - ERROR - $CADCHF=X: possibly delisted; no price data found  (period=5y) (Yahoo error = "Invalid input - interval=daily is not supported. Valid intervals: [1m, 2m, 5m, 15m, 30m, 60m, 90m, 1h, 4h, 1d, 5d, 1wk, 1mo, 3mo]")
2025-06-27 17:15:12,939 - data_collector - WARNING - No data returned from Yahoo Finance for CADCHF
2025-06-27 17:15:12,944 - data_collector - INFO - Collected 4936 records for CADCHF
2025-06-27 17:15:13,959 - data_collector - INFO - Validated 4936 out of 4936 records
2025-06-27 17:15:14,127 - database_manager - INFO - Inserted batch of 1000 records
2025-06-27 17:15:14,196 - database_manager - INFO - Inserted batch of 1000 records
2025-06-27 17:15:14,271 - database_manager - INFO - Inserted batch of 1000 records
2025-06-27 17:15:14,348 - database_manager - INFO - Inserted batch of 1000 records
2025-06-27 17:15:14,416 - database_manager - INFO - Inserted batch of 936 records
2025-06-27 17:15:14,418 - database_manager - INFO - Successfully inserted 4936 forex data records
2025-06-27 17:15:14,418 - __main__ - INFO - Successfully stored 4936 records for CADCHF
2025-06-27 17:15:16,419 - __main__ - INFO - Collecting historical data for NZDCHF
2025-06-27 17:15:16,690 - data_collector - INFO - Fetching historical data for NZDCHF
2025-06-27 17:15:16,788 - data_collector - ERROR - Alpha Vantage API error for NZDCHF: Thank you for using Alpha Vantage! This is a premium endpoint. You may subscribe to any of the premium plans at https://www.alphavantage.co/premium/ to instantly unlock all premium endpoints
2025-06-27 17:15:16,788 - retry.api - WARNING - Thank you for using Alpha Vantage! This is a premium endpoint. You may subscribe to any of the premium plans at https://www.alphavantage.co/premium/ to instantly unlock all premium endpoints, retrying in 1 seconds...
2025-06-27 17:15:17,885 - data_collector - ERROR - Alpha Vantage API error for NZDCHF: Thank you for using Alpha Vantage! This is a premium endpoint. You may subscribe to any of the premium plans at https://www.alphavantage.co/premium/ to instantly unlock all premium endpoints
2025-06-27 17:15:17,885 - retry.api - WARNING - Thank you for using Alpha Vantage! This is a premium endpoint. You may subscribe to any of the premium plans at https://www.alphavantage.co/premium/ to instantly unlock all premium endpoints, retrying in 2 seconds...
2025-06-27 17:15:20,007 - data_collector - ERROR - Alpha Vantage API error for NZDCHF: Thank you for using Alpha Vantage! This is a premium endpoint. You may subscribe to any of the premium plans at https://www.alphavantage.co/premium/ to instantly unlock all premium endpoints
2025-06-27 17:15:20,007 - data_collector - WARNING - Alpha Vantage failed for NZDCHF: Thank you for using Alpha Vantage! This is a premium endpoint. You may subscribe to any of the premium plans at https://www.alphavantage.co/premium/ to instantly unlock all premium endpoints
2025-06-27 17:15:20,421 - yfinance - ERROR - $NZDCHF=X: possibly delisted; no price data found  (period=5y) (Yahoo error = "Invalid input - interval=1min is not supported. Valid intervals: [1m, 2m, 5m, 15m, 30m, 60m, 90m, 1h, 4h, 1d, 5d, 1wk, 1mo, 3mo]")
2025-06-27 17:15:20,422 - data_collector - WARNING - No data returned from Yahoo Finance for NZDCHF
2025-06-27 17:15:20,422 - data_collector - ERROR - All data sources failed for NZDCHF
2025-06-27 17:15:21,781 - data_collector - INFO - Retrieved 2775 records from Alpha Vantage for NZDCHF
2025-06-27 17:15:22,104 - yfinance - ERROR - $NZDCHF=X: possibly delisted; no price data found  (period=5y) (Yahoo error = "Invalid input - interval=daily is not supported. Valid intervals: [1m, 2m, 5m, 15m, 30m, 60m, 90m, 1h, 4h, 1d, 5d, 1wk, 1mo, 3mo]")
2025-06-27 17:15:22,105 - data_collector - WARNING - No data returned from Yahoo Finance for NZDCHF
2025-06-27 17:15:22,107 - data_collector - INFO - Collected 2775 records for NZDCHF
2025-06-27 17:15:23,117 - data_collector - INFO - Validated 2775 out of 2775 records
2025-06-27 17:15:23,272 - database_manager - INFO - Inserted batch of 1000 records
2025-06-27 17:15:23,362 - database_manager - INFO - Inserted batch of 1000 records
2025-06-27 17:15:23,428 - database_manager - INFO - Inserted batch of 775 records
2025-06-27 17:15:23,430 - database_manager - INFO - Successfully inserted 2775 forex data records
2025-06-27 17:15:23,430 - __main__ - INFO - Successfully stored 2775 records for NZDCHF
2025-06-27 17:15:25,431 - __main__ - INFO - Historical data collection completed
2025-06-27 17:15:25,434 - __main__ - INFO - Setting up scheduled data updates
2025-06-27 17:15:25,435 - __main__ - ERROR - System error: 'Job' object has no attribute 'month'
